SLURM_JOBID=17927682
SLURM_JOB_NODELIST=n[3096,3098,3101-3102]
SLURM_NNODES=4
SLURMTMPDIR=
working directory = /mmfs1/gscratch/scrubbed/kiranvad/active_learning_tutorial
python from the following virtualenv
/mmfs1/home/kiranvad/kiranvad/envs/activephasemap/bin/python
working directory = 
/mmfs1/gscratch/scrubbed/kiranvad/active_learning_tutorial
IP Head: 10.64.65.96:6379
STARTING HEAD at n3096
starting ray head node
STARTING WORKER 1 at n3098
starting ray worker node
STARTING WORKER 2 at n3101
starting ray worker node
2024-04-28 21:40:36,433	INFO usage_lib.py:469 -- Usage stats collection is enabled by default without user confirmation because this terminal is detected to be non-interactive. To disable this, add `--disable-usage-stats` to the command that starts the cluster, or run the following command: `ray disable-usage-stats` before starting the cluster. See https://docs.ray.io/en/master/cluster/usage-stats.html for more details.
2024-04-28 21:40:36,433	INFO scripts.py:763 -- Local node IP: 10.64.65.96
2024-04-28 21:40:42,293	SUCC scripts.py:800 -- --------------------
2024-04-28 21:40:42,294	SUCC scripts.py:801 -- Ray runtime started.
2024-04-28 21:40:42,294	SUCC scripts.py:802 -- --------------------
2024-04-28 21:40:42,294	INFO scripts.py:804 -- Next steps
2024-04-28 21:40:42,294	INFO scripts.py:807 -- To add another node to this Ray cluster, run
2024-04-28 21:40:42,294	INFO scripts.py:810 --   ray start --address='10.64.65.96:6379'
2024-04-28 21:40:42,294	INFO scripts.py:819 -- To connect to this Ray cluster:
2024-04-28 21:40:42,295	INFO scripts.py:821 -- import ray
2024-04-28 21:40:42,295	INFO scripts.py:822 -- ray.init(_node_ip_address='10.64.65.96')
2024-04-28 21:40:42,295	INFO scripts.py:853 -- To terminate the Ray runtime, run
2024-04-28 21:40:42,295	INFO scripts.py:854 --   ray stop
2024-04-28 21:40:42,295	INFO scripts.py:857 -- To view the status of the cluster, use
2024-04-28 21:40:42,295	INFO scripts.py:858 --   ray status
STARTING WORKER 3 at n3102
starting ray worker node
Launch Python job
2024-04-28 21:41:06,100	INFO scripts.py:945 -- Local node IP: 10.64.65.98
2024-04-28 21:41:06,778	SUCC scripts.py:958 -- --------------------
2024-04-28 21:41:06,778	SUCC scripts.py:959 -- Ray runtime started.
2024-04-28 21:41:06,778	SUCC scripts.py:960 -- --------------------
2024-04-28 21:41:06,778	INFO scripts.py:962 -- To terminate the Ray runtime, run
2024-04-28 21:41:06,779	INFO scripts.py:963 --   ray stop
2024-04-28 21:41:07,858	INFO scripts.py:945 -- Local node IP: 10.64.65.102
2024-04-28 21:41:08,312	SUCC scripts.py:958 -- --------------------
2024-04-28 21:41:08,312	SUCC scripts.py:959 -- Ray runtime started.
2024-04-28 21:41:08,312	SUCC scripts.py:960 -- --------------------
2024-04-28 21:41:08,312	INFO scripts.py:962 -- To terminate the Ray runtime, run
2024-04-28 21:41:08,312	INFO scripts.py:963 --   ray stop
2024-04-28 21:41:07,858	INFO scripts.py:945 -- Local node IP: 10.64.65.101
2024-04-28 21:41:08,312	SUCC scripts.py:958 -- --------------------
2024-04-28 21:41:08,312	SUCC scripts.py:959 -- Ray runtime started.
2024-04-28 21:41:08,312	SUCC scripts.py:960 -- --------------------
2024-04-28 21:41:08,313	INFO scripts.py:962 -- To terminate the Ray runtime, run
2024-04-28 21:41:08,313	INFO scripts.py:963 --   ray stop
All Done!
